<?xml version="1.0" encoding="UTF-8"?>
<testng-results total="1" passed="1" failed="0" skipped="0">
  <reporter-output>
  </reporter-output>
  <suite started-at="2022-10-08T07:15:12Z" name="Surefire suite" finished-at="2022-10-08T07:16:02Z" duration-ms="49376">
    <groups>
    </groups>
    <test started-at="2022-10-08T07:15:12Z" name="Surefire test" finished-at="2022-10-08T07:16:02Z" duration-ms="49376">
      <class name="demo125.First_selenium_program">
        <test-method signature="jaws()[pri:0, instance:demo125.First_selenium_program@1d7acb34]" started-at="2022-10-08T12:45:12Z" name="jaws" finished-at="2022-10-08T12:46:02Z" duration-ms="49355" status="PASS">
          <reporter-output>
          </reporter-output>
        </test-method> <!-- jaws -->
      </class> <!-- demo125.First_selenium_program -->
    </test> <!-- Surefire test -->
  </suite> <!-- Surefire suite -->
</testng-results>
